<?xml version="1.0" encoding="UTF-8"?>
<!-- Generated by org.testng.reporters.JUnitReportReporter -->
<testsuite hostname="LAPTOP-JKK04LM7" failures="0" tests="1" name="Framework.SeleniumRevision.Testing" time="6.941" errors="0" timestamp="11 Jul 2025 05:28:34 GMT" skipped="0">
  <testcase classname="Framework.SeleniumRevision.Testing" name="AddtoCart" time="6.941"/>
</testsuite> <!-- Framework.SeleniumRevision.Testing -->
