<?xml version="1.0" encoding="UTF-8"?>
<!-- Generated by org.testng.reporters.JUnitReportReporter -->
<testsuite hostname="LAPTOP-JKK04LM7" failures="0" tests="3" name="Framework.SeleniumRevision.Tests.ProductsOrderingTestNGV2" time="32.347" errors="0" timestamp="24 Aug 2025 08:49:17 GMT" skipped="0">
  <testcase classname="Framework.SeleniumRevision.Tests.ProductsOrderingTestNGV2" name="ItemCheckout" time="11.237"/>
  <testcase classname="Framework.SeleniumRevision.Tests.ProductsOrderingTestNGV2" name="ItemCheckout" time="10.857"/>
  <testcase classname="Framework.SeleniumRevision.Tests.ProductsOrderingTestNGV2" name="OrdersSectionValidation" time="10.253"/>
</testsuite> <!-- Framework.SeleniumRevision.Tests.ProductsOrderingTestNGV2 -->
