<?xml version="1.0" encoding="UTF-8"?>
<!-- Generated by org.testng.reporters.JUnitReportReporter -->
<testsuite hostname="LAPTOP-JKK04LM7" failures="0" tests="1" name="Framework.SeleniumRevision.WebTable" time="6.714" errors="0" timestamp="02 Jul 2025 07:26:33 GMT" skipped="0">
  <testcase classname="Framework.SeleniumRevision.WebTable" name="Tables" time="6.714"/>
</testsuite> <!-- Framework.SeleniumRevision.WebTable -->
