<?xml version="1.0" encoding="UTF-8"?>
<!-- Generated by org.testng.reporters.JUnitReportReporter -->
<testsuite hostname="LAPTOP-JKK04LM7" failures="0" tests="1" name="JavaInheritance.SF" time="0.012" errors="0" timestamp="10 Jul 2025 11:21:13 GMT" skipped="0">
  <testcase classname="JavaInheritance.SF" name="CallEW" time="0.012"/>
</testsuite> <!-- JavaInheritance.SF -->
