<?xml version="1.0" encoding="UTF-8"?>
<!-- Generated by org.testng.reporters.JUnitReportReporter -->
<testsuite hostname="LAPTOP-JKK04LM7" failures="0" tests="1" name="Framework.SeleniumRevision.AddtoCart" time="8.632" errors="0" timestamp="04 Jul 2025 13:22:01 GMT" skipped="0">
  <testcase classname="Framework.SeleniumRevision.AddtoCart" name="AddtoCart" time="8.632"/>
</testsuite> <!-- Framework.SeleniumRevision.AddtoCart -->
