<?xml version="1.0" encoding="UTF-8"?>
<!-- Generated by org.testng.reporters.JUnitReportReporter -->
<testsuite hostname="LAPTOP-JKK04LM7" failures="0" tests="1" name="Framework.Selenium.Tests.ProductsOrderingTestNGV1" time="11.569" errors="0" timestamp="17 Jul 2025 08:13:02 GMT" skipped="0">
  <testcase classname="Framework.Selenium.Tests.ProductsOrderingTestNGV1" name="ItemCheckout" time="11.569"/>
</testsuite> <!-- Framework.Selenium.Tests.ProductsOrderingTestNGV1 -->
