<?xml version="1.0" encoding="UTF-8"?>
<!-- Generated by org.testng.reporters.JUnitReportReporter -->
<testsuite hostname="LAPTOP-JKK04LM7" failures="0" tests="1" name="Framework.SeleniumRevision.Pagination" time="6.985" errors="0" timestamp="08 Jul 2025 17:40:59 GMT" skipped="0">
  <testcase classname="Framework.SeleniumRevision.Pagination" name="CartPage" time="6.985"/>
</testsuite> <!-- Framework.SeleniumRevision.Pagination -->
