<?xml version="1.0" encoding="UTF-8"?>
<!-- Generated by org.testng.reporters.JUnitReportReporter -->
<testsuite hostname="LAPTOP-JKK04LM7" failures="0" tests="2" name="Framework.Selenium.Tests.ProductsOrderingTestNGV2" time="21.780" errors="0" timestamp="18 Jul 2025 17:30:58 GMT" skipped="0">
  <testcase classname="Framework.Selenium.Tests.ProductsOrderingTestNGV2" name="ItemCheckout" time="10.141"/>
  <testcase classname="Framework.Selenium.Tests.ProductsOrderingTestNGV2" name="ItemCheckout" time="11.639"/>
</testsuite> <!-- Framework.Selenium.Tests.ProductsOrderingTestNGV2 -->
