<?xml version="1.0" encoding="UTF-8"?>
<!-- Generated by org.testng.reporters.JUnitReportReporter -->
<testsuite hostname="LAPTOP-JKK04LM7" failures="0" tests="1" name="Framework.SeleniumRevision.StreamsTable" time="3.718" errors="0" timestamp="08 Jul 2025 10:37:52 GMT" skipped="0">
  <testcase classname="Framework.SeleniumRevision.StreamsTable" name="CartPage" time="3.718"/>
</testsuite> <!-- Framework.SeleniumRevision.StreamsTable -->
