<?xml version="1.0" encoding="UTF-8"?>
<!-- Generated by org.testng.reporters.JUnitReportReporter -->
<testsuite hostname="LAPTOP-JKK04LM7" failures="0" tests="1" name="Framework.SeleniumRevision.Dropdowns" time="13.239" errors="0" timestamp="02 Jul 2025 11:54:40 GMT" skipped="0">
  <testcase classname="Framework.SeleniumRevision.Dropdowns" name="Tables" time="13.239"/>
</testsuite> <!-- Framework.SeleniumRevision.Dropdowns -->
