<?xml version="1.0" encoding="UTF-8"?>
<!-- Generated by org.testng.reporters.JUnitReportReporter -->
<testsuite hostname="LAPTOP-JKK04LM7" failures="0" tests="1" name="Framework.SeleniumRevision.EndtoEndVeggiesCart" time="8.457" errors="0" timestamp="04 Jul 2025 18:36:56 GMT" skipped="0">
  <testcase classname="Framework.SeleniumRevision.EndtoEndVeggiesCart" name="AddtoCart" time="8.457"/>
</testsuite> <!-- Framework.SeleniumRevision.EndtoEndVeggiesCart -->
