<?xml version="1.0" encoding="UTF-8"?>
<!-- Generated by org.testng.reporters.JUnitReportReporter -->
<testsuite hostname="LAPTOP-JKK04LM7" failures="0" tests="1" name="Framework.Selenium.Tests.ErrorVerifications" time="4.704" errors="0" timestamp="17 Jul 2025 15:30:10 GMT" skipped="0">
  <testcase classname="Framework.Selenium.Tests.ErrorVerifications" name="LoginErrorScenario" time="4.704"/>
</testsuite> <!-- Framework.Selenium.Tests.ErrorVerifications -->
