<?xml version="1.0" encoding="UTF-8"?>
<!-- Generated by org.testng.reporters.JUnitReportReporter -->
<testsuite hostname="LAPTOP-JKK04LM7" failures="0" tests="1" name="Framework.SeleniumRevision.EndtoEndShoppingCart" time="14.717" errors="0" timestamp="04 Jul 2025 19:50:13 GMT" skipped="0">
  <testcase classname="Framework.SeleniumRevision.EndtoEndShoppingCart" name="CartPage" time="14.717"/>
</testsuite> <!-- Framework.SeleniumRevision.EndtoEndShoppingCart -->
