<?xml version="1.0" encoding="UTF-8"?>
<!-- Generated by org.testng.reporters.JUnitReportReporter -->
<testsuite hostname="LAPTOP-JKK04LM7" failures="0" tests="1" name="Framework.SeleniumRevision.JavaScriptExecutor" time="10.227" errors="0" timestamp="09 Jul 2025 10:46:59 GMT" skipped="0">
  <testcase classname="Framework.SeleniumRevision.JavaScriptExecutor" name="Tables" time="10.227"/>
</testsuite> <!-- Framework.SeleniumRevision.JavaScriptExecutor -->
